<?xml version="1.0" encoding="UTF-8"?>
<!-- Generated by org.testng.reporters.JUnitXMLReporter -->
<testsuite hostname="DESKTOP-J7TUU6A" ignored="0" name="Surefire test" tests="6" failures="0" timestamp="2020-01-14T10:47:17 IST" time="0.066" errors="0">
  <testcase name="restApicheck" time="0.005" classname="mvn_prac.APITest"/>
  <testcase name="soapApicheck" time="0.0" classname="mvn_prac.APITest"/>
  <testcase name="appiummobileauto" time="0.001" classname="mvn_prac.AppiumTest"/>
  <testcase name="appiummobliecheck" time="0.001" classname="mvn_prac.AppiumTest"/>
  <testcase name="invokeBrowser" time="0.0" classname="mvn_prac.SeleniumTest"/>
  <testcase name="openBrowser" time="0.0" classname="mvn_prac.SeleniumTest"/>
</testsuite> <!-- Surefire test -->
