<?xml version="1.0" encoding="UTF-8"?>
<!-- Generated by org.testng.reporters.JUnitXMLReporter -->
<testsuite hostname="DESKTOP-J7TUU6A" ignored="2" name="Test" tests="1" failures="0" timestamp="23 Jan 2020 13:01:01 GMT" time="2.386" errors="0">
  <testcase name="deleteTest" time="2.344" classname="mvn_prac.API_ppdTest"/>
  <testcase name="putTest" time="0.0" classname="mvn_prac.API_ppdTest">
    <ignored/>
  </testcase> <!-- putTest -->
  <testcase name="postTest" time="0.0" classname="mvn_prac.API_ppdTest">
    <ignored/>
  </testcase> <!-- postTest -->
</testsuite> <!-- Test -->
