<?xml version="1.0" encoding="UTF-8"?>
<!-- Generated by org.testng.reporters.JUnitXMLReporter -->
<testsuite hostname="DESKTOP-J7TUU6A" ignored="0" name="Test" tests="4" failures="0" timestamp="14 Jan 2020 06:46:19 GMT" time="0.04" errors="0">
  <testcase name="appiummobileauto" time="0.011" classname="mvn_prac.AppiumTest"/>
  <testcase name="appiummobliecheck" time="0.001" classname="mvn_prac.AppiumTest"/>
  <testcase name="restApicheck" time="0.001" classname="mvn_prac.APITest"/>
  <testcase name="soapApicheck" time="0.0" classname="mvn_prac.APITest"/>
</testsuite> <!-- Test -->
