<?xml version="1.0" encoding="UTF-8"?>
<testng-results skipped="0" failed="0" ignored="0" total="4" passed="4">
  <reporter-output>
  </reporter-output>
  <suite name="Suite" duration-ms="40" started-at="2020-01-14T06:46:19Z" finished-at="2020-01-14T06:46:19Z">
    <groups>
    </groups>
    <test name="Test" duration-ms="40" started-at="2020-01-14T06:46:19Z" finished-at="2020-01-14T06:46:19Z">
      <class name="mvn_prac.AppiumTest">
        <test-method status="PASS" signature="appiummobileauto()[pri:0, instance:mvn_prac.AppiumTest@3796751b]" name="appiummobileauto" duration-ms="11" started-at="2020-01-14T12:16:19Z" finished-at="2020-01-14T12:16:19Z">
          <reporter-output>
          </reporter-output>
        </test-method> <!-- appiummobileauto -->
        <test-method status="PASS" signature="appiummobliecheck()[pri:0, instance:mvn_prac.AppiumTest@3796751b]" name="appiummobliecheck" duration-ms="1" started-at="2020-01-14T12:16:19Z" finished-at="2020-01-14T12:16:19Z">
          <reporter-output>
          </reporter-output>
        </test-method> <!-- appiummobliecheck -->
      </class> <!-- mvn_prac.AppiumTest -->
      <class name="mvn_prac.APITest">
        <test-method status="PASS" signature="restApicheck()[pri:0, instance:mvn_prac.APITest@6442b0a6]" name="restApicheck" duration-ms="1" started-at="2020-01-14T12:16:19Z" finished-at="2020-01-14T12:16:19Z">
          <reporter-output>
          </reporter-output>
        </test-method> <!-- restApicheck -->
        <test-method status="PASS" signature="soapApicheck()[pri:0, instance:mvn_prac.APITest@6442b0a6]" name="soapApicheck" duration-ms="0" started-at="2020-01-14T12:16:19Z" finished-at="2020-01-14T12:16:19Z">
          <reporter-output>
          </reporter-output>
        </test-method> <!-- soapApicheck -->
      </class> <!-- mvn_prac.APITest -->
    </test> <!-- Test -->
  </suite> <!-- Suite -->
</testng-results>
