<?xml version="1.0" encoding="UTF-8"?>
<testng-results skipped="0" failed="0" ignored="2" total="3" passed="1">
  <reporter-output>
  </reporter-output>
  <suite name="Suite" duration-ms="2386" started-at="2020-01-23T13:00:59Z" finished-at="2020-01-23T13:01:01Z">
    <groups>
    </groups>
    <test name="Test" duration-ms="2386" started-at="2020-01-23T13:00:59Z" finished-at="2020-01-23T13:01:01Z">
      <class name="mvn_prac.API_ppdTest">
        <test-method status="PASS" signature="deleteTest()[pri:0, instance:mvn_prac.API_ppdTest@1b604f19]" name="deleteTest" duration-ms="2344" started-at="2020-01-23T18:30:59Z" finished-at="2020-01-23T18:31:01Z">
          <reporter-output>
          </reporter-output>
        </test-method> <!-- deleteTest -->
      </class> <!-- mvn_prac.API_ppdTest -->
    </test> <!-- Test -->
  </suite> <!-- Suite -->
</testng-results>
